<?xml version="1.0" encoding="UTF-8"?>
<testng-results skipped="0" failed="0" ignored="0" total="1" passed="1">
  <reporter-output>
  </reporter-output>
  <suite name="Suite" duration-ms="4648" started-at="2020-06-14T15:17:25Z" finished-at="2020-06-14T15:17:29Z">
    <groups>
    </groups>
    <test name="Test" duration-ms="4648" started-at="2020-06-14T15:17:25Z" finished-at="2020-06-14T15:17:29Z">
      <class name="DataDrivenWithParameters.DataDriven">
        <test-method status="PASS" signature="test_delete1(int)[pri:0, instance:DataDrivenWithParameters.DataDriven@56f4468b]" name="test_delete1" duration-ms="4592" started-at="2020-06-14T20:47:25Z" finished-at="2020-06-14T20:47:29Z">
          <params>
            <param index="0">
              <value>
                <![CDATA[7]]>
              </value>
            </param>
          </params>
          <reporter-output>
          </reporter-output>
        </test-method> <!-- test_delete1 -->
      </class> <!-- DataDrivenWithParameters.DataDriven -->
    </test> <!-- Test -->
  </suite> <!-- Suite -->
</testng-results>
