<?xml version="1.0" encoding="UTF-8"?>
<testng-results skipped="0" failed="0" ignored="0" total="1" passed="1">
  <reporter-output>
  </reporter-output>
  <suite name="Default suite" duration-ms="6386" started-at="2020-06-13T17:40:21Z" finished-at="2020-06-13T17:40:27Z">
    <groups>
    </groups>
    <test name="Default test" duration-ms="6386" started-at="2020-06-13T17:40:21Z" finished-at="2020-06-13T17:40:27Z">
      <class name="RestAssured.RestAssured">
        <test-method status="PASS" signature="test_get()[pri:0, instance:RestAssured.RestAssured@1810399e]" name="test_get" duration-ms="6300" started-at="2020-06-13T23:10:21Z" finished-at="2020-06-13T23:10:27Z">
          <reporter-output>
          </reporter-output>
        </test-method> <!-- test_get -->
      </class> <!-- RestAssured.RestAssured -->
    </test> <!-- Default test -->
  </suite> <!-- Default suite -->
</testng-results>
